<!doctype html>
<html lang="">
<head>
    <meta charset="UTF-8">
    <meta name="viewport"
          content="width=device-width, user-scalable=no, initial-scale=1.0, maximum-scale=1.0, minimum-scale=1.0">
    <meta http-equiv="X-UA-Compatible" content="ie=edge">
    <title>Test Results Report - CodeClass</title>

    <link href="reportng.css" rel="stylesheet" type="text/css"/>
</head>
<body>
<div id="meta">
Generated by <a href="http://www.testng.org" target="_blank">TestNG</a> with <a href="https://github.com/testng-team/reportng" target="_blank">ReportNG</a>
at 22:35 BRT on Monday 14 November 2022
    <br/><span
    id="systemInfo">williamsoares@Williams-MacBook-Pro.local&nbsp;/&nbsp;Java 17 (Oracle Corporation)&nbsp;/&nbsp;Mac OS X 12.3.1 (x86_64)</span>
</div>
<h1>CodeClass</h1>

<p>
    <a href="index.html">Suites</a>
        &#183; <a href="output.html">Log Output</a>
</p>

<p>Test duration
    : 137.718s</p>


    <table class="resultsTable">
        <tr>
            <th colspan="3" class="header failed">Failed Tests</th>
        </tr>
            <tr>
                <td class="group" colspan="3">endtoend.google.tests.Runner</td>
            </tr>
    <tr>
        <td class="method">
                search_without_value_btn_lucky
        </td>
        <td class="duration">
            12.285s
        </td>
        <td class="result">
            <!-- Display the dependencies for skipped test methods -->


            <!-- Show logger output for the test -->

                <a href="javascript:toggleElement('exception-0', 'block')"
                   title="Click to expand/collapse">
                    <b>org.openqa.selenium.TimeoutException: Expected condition failed: waiting for element to be clickable: By.name: body &gt; div.L3eUgb &gt; div.o3j99.ikrT4e.om7nvf &gt; form &gt; div:nth-child(1) &gt; div.A8SBwf &gt; div.FPdoLc.lJ9FBc &gt; center &gt; input.RNmpXc (tried for 10 second(s) with 500 milliseconds interval)<br/>
Build info: version: &apos;4.4.0&apos;, revision: &apos;e5c75ed026a&apos;<br/>
System info: host: &apos;Williams-MacBook-Pro.local&apos;, ip: &apos;fe80:0:0:0:f6:240a:40d9:d9a6%en0&apos;, os.name: &apos;Mac OS X&apos;, os.arch: &apos;x86_64&apos;, os.version: &apos;12.3.1&apos;, java.version: &apos;17&apos;<br/>
Driver info: org.openqa.selenium.chrome.ChromeDriver<br/>
Capabilities {acceptInsecureCerts: false, browserName: chrome, browserVersion: 107.0.5304.110, chrome: {chromedriverVersion: 106.0.5249.61 (511755355844..., userDataDir: /var/folders/9x/4jffv27n5l3...}, goog:chromeOptions: {debuggerAddress: localhost:59547}, networkConnectionEnabled: false, pageLoadStrategy: normal, platformName: MAC, proxy: Proxy(), se:cdp: ws://localhost:59547/devtoo..., se:cdpVersion: 107.0.5304.110, setWindowRect: true, strictFileInteractability: false, timeouts: {implicit: 0, pageLoad: 300000, script: 30000}, unhandledPromptBehavior: dismiss and notify, webauthn:extension:credBlob: true, webauthn:extension:largeBlob: true, webauthn:virtualAuthenticators: true}<br/>
Session ID: 6755e10b446641f2276288c47295f6b5</b>
                </a>
                <br/>
                <div class="stackTrace" id="exception-0">
                        org.openqa.selenium.support.ui.WebDriverWait.timeoutException(WebDriverWait.java:87)<br/>
                        org.openqa.selenium.support.ui.FluentWait.until(FluentWait.java:231)<br/>
                        Utils.Utils.getElement(Utils.java:19)<br/>
                        Utils.Utils.elementClick(Utils.java:24)<br/>
                        endtoend.google.pageobjects.GooglePO.btnLucky(GooglePO.java:30)<br/>
                        endtoend.google.pageobjects.GooglePO.searchWithoutValueLucky(GooglePO.java:65)<br/>
                        endtoend.google.tests.Runner.search_without_value_btn_lucky(Runner.java:51)<br/>
                        java.base/jdk.internal.reflect.NativeMethodAccessorImpl.invoke0(Native Method)<br/>
                        java.base/jdk.internal.reflect.NativeMethodAccessorImpl.invoke(NativeMethodAccessorImpl.java:77)<br/>
                        java.base/jdk.internal.reflect.DelegatingMethodAccessorImpl.invoke(DelegatingMethodAccessorImpl.java:43)<br/>
                        java.base/java.lang.reflect.Method.invoke(Method.java:568)<br/>
                        org.testng.internal.invokers.MethodInvocationHelper.invokeMethod(MethodInvocationHelper.java:139)<br/>
                        org.testng.internal.invokers.TestInvoker.invokeMethod(TestInvoker.java:677)<br/>
                        org.testng.internal.invokers.TestInvoker.invokeTestMethod(TestInvoker.java:221)<br/>
                        org.testng.internal.invokers.MethodRunner.runInSequence(MethodRunner.java:50)<br/>
                        org.testng.internal.invokers.TestInvoker$MethodInvocationAgent.invoke(TestInvoker.java:962)<br/>
                        org.testng.internal.invokers.TestInvoker.invokeTestMethods(TestInvoker.java:194)<br/>
                        org.testng.internal.invokers.TestMethodWorker.invokeTestMethods(TestMethodWorker.java:148)<br/>
                        org.testng.internal.invokers.TestMethodWorker.run(TestMethodWorker.java:128)<br/>
                        java.base/java.util.ArrayList.forEach(ArrayList.java:1511)<br/>
                        org.testng.TestRunner.privateRun(TestRunner.java:806)<br/>
                        org.testng.TestRunner.run(TestRunner.java:601)<br/>
                        org.testng.SuiteRunner.runTest(SuiteRunner.java:433)<br/>
                        org.testng.SuiteRunner.runSequentially(SuiteRunner.java:427)<br/>
                        org.testng.SuiteRunner.privateRun(SuiteRunner.java:387)<br/>
                        org.testng.SuiteRunner.run(SuiteRunner.java:330)<br/>
                        org.testng.SuiteRunnerWorker.runSuite(SuiteRunnerWorker.java:52)<br/>
                        org.testng.SuiteRunnerWorker.run(SuiteRunnerWorker.java:95)<br/>
                        org.testng.TestNG.runSuitesSequentially(TestNG.java:1256)<br/>
                        org.testng.TestNG.runSuitesLocally(TestNG.java:1176)<br/>
                        org.testng.TestNG.runSuites(TestNG.java:1099)<br/>
                        org.testng.TestNG.run(TestNG.java:1067)<br/>
                        com.intellij.rt.testng.IDEARemoteTestNG.run(IDEARemoteTestNG.java:66)<br/>
                        com.intellij.rt.testng.RemoteTestNGStarter.main(RemoteTestNGStarter.java:109)<br/>
                </div>
        </td>
    </tr>
    <tr>
        <td class="method">
                test_search_btn_lucky
        </td>
        <td class="duration">
            12.988s
        </td>
        <td class="result">
            <!-- Display the dependencies for skipped test methods -->


            <!-- Show logger output for the test -->

                <a href="javascript:toggleElement('exception-1', 'block')"
                   title="Click to expand/collapse">
                    <b>org.openqa.selenium.TimeoutException: Expected condition failed: waiting for element to be clickable: By.name: body &gt; div.L3eUgb &gt; div.o3j99.ikrT4e.om7nvf &gt; form &gt; div:nth-child(1) &gt; div.A8SBwf &gt; div.FPdoLc.lJ9FBc &gt; center &gt; input.RNmpXc (tried for 10 second(s) with 500 milliseconds interval)<br/>
Build info: version: &apos;4.4.0&apos;, revision: &apos;e5c75ed026a&apos;<br/>
System info: host: &apos;Williams-MacBook-Pro.local&apos;, ip: &apos;fe80:0:0:0:f6:240a:40d9:d9a6%en0&apos;, os.name: &apos;Mac OS X&apos;, os.arch: &apos;x86_64&apos;, os.version: &apos;12.3.1&apos;, java.version: &apos;17&apos;<br/>
Driver info: org.openqa.selenium.chrome.ChromeDriver<br/>
Capabilities {acceptInsecureCerts: false, browserName: chrome, browserVersion: 107.0.5304.110, chrome: {chromedriverVersion: 106.0.5249.61 (511755355844..., userDataDir: /var/folders/9x/4jffv27n5l3...}, goog:chromeOptions: {debuggerAddress: localhost:59576}, networkConnectionEnabled: false, pageLoadStrategy: normal, platformName: MAC, proxy: Proxy(), se:cdp: ws://localhost:59576/devtoo..., se:cdpVersion: 107.0.5304.110, setWindowRect: true, strictFileInteractability: false, timeouts: {implicit: 0, pageLoad: 300000, script: 30000}, unhandledPromptBehavior: dismiss and notify, webauthn:extension:credBlob: true, webauthn:extension:largeBlob: true, webauthn:virtualAuthenticators: true}<br/>
Session ID: 28c03d7d40d5731dd09aa28b23a9aeb6</b>
                </a>
                <br/>
                <div class="stackTrace" id="exception-1">
                        org.openqa.selenium.support.ui.WebDriverWait.timeoutException(WebDriverWait.java:87)<br/>
                        org.openqa.selenium.support.ui.FluentWait.until(FluentWait.java:231)<br/>
                        Utils.Utils.getElement(Utils.java:19)<br/>
                        Utils.Utils.elementClick(Utils.java:24)<br/>
                        endtoend.google.pageobjects.GooglePO.btnLucky(GooglePO.java:30)<br/>
                        endtoend.google.pageobjects.GooglePO.searchButtonLucky(GooglePO.java:50)<br/>
                        endtoend.google.tests.Runner.test_search_btn_lucky(Runner.java:36)<br/>
                        java.base/jdk.internal.reflect.NativeMethodAccessorImpl.invoke0(Native Method)<br/>
                        java.base/jdk.internal.reflect.NativeMethodAccessorImpl.invoke(NativeMethodAccessorImpl.java:77)<br/>
                        java.base/jdk.internal.reflect.DelegatingMethodAccessorImpl.invoke(DelegatingMethodAccessorImpl.java:43)<br/>
                        java.base/java.lang.reflect.Method.invoke(Method.java:568)<br/>
                        org.testng.internal.invokers.MethodInvocationHelper.invokeMethod(MethodInvocationHelper.java:139)<br/>
                        org.testng.internal.invokers.TestInvoker.invokeMethod(TestInvoker.java:677)<br/>
                        org.testng.internal.invokers.TestInvoker.invokeTestMethod(TestInvoker.java:221)<br/>
                        org.testng.internal.invokers.MethodRunner.runInSequence(MethodRunner.java:50)<br/>
                        org.testng.internal.invokers.TestInvoker$MethodInvocationAgent.invoke(TestInvoker.java:962)<br/>
                        org.testng.internal.invokers.TestInvoker.invokeTestMethods(TestInvoker.java:194)<br/>
                        org.testng.internal.invokers.TestMethodWorker.invokeTestMethods(TestMethodWorker.java:148)<br/>
                        org.testng.internal.invokers.TestMethodWorker.run(TestMethodWorker.java:128)<br/>
                        java.base/java.util.ArrayList.forEach(ArrayList.java:1511)<br/>
                        org.testng.TestRunner.privateRun(TestRunner.java:806)<br/>
                        org.testng.TestRunner.run(TestRunner.java:601)<br/>
                        org.testng.SuiteRunner.runTest(SuiteRunner.java:433)<br/>
                        org.testng.SuiteRunner.runSequentially(SuiteRunner.java:427)<br/>
                        org.testng.SuiteRunner.privateRun(SuiteRunner.java:387)<br/>
                        org.testng.SuiteRunner.run(SuiteRunner.java:330)<br/>
                        org.testng.SuiteRunnerWorker.runSuite(SuiteRunnerWorker.java:52)<br/>
                        org.testng.SuiteRunnerWorker.run(SuiteRunnerWorker.java:95)<br/>
                        org.testng.TestNG.runSuitesSequentially(TestNG.java:1256)<br/>
                        org.testng.TestNG.runSuitesLocally(TestNG.java:1176)<br/>
                        org.testng.TestNG.runSuites(TestNG.java:1099)<br/>
                        org.testng.TestNG.run(TestNG.java:1067)<br/>
                        com.intellij.rt.testng.IDEARemoteTestNG.run(IDEARemoteTestNG.java:66)<br/>
                        com.intellij.rt.testng.RemoteTestNGStarter.main(RemoteTestNGStarter.java:109)<br/>
                </div>
        </td>
    </tr>
    <tr>
        <td class="method">
                test_search_btn_search
        </td>
        <td class="duration">
            3.934s
        </td>
        <td class="result">
            <!-- Display the dependencies for skipped test methods -->


            <!-- Show logger output for the test -->

                <a href="javascript:toggleElement('exception-2', 'block')"
                   title="Click to expand/collapse">
                    <b>org.openqa.selenium.ElementClickInterceptedException: element click intercepted: Element &lt;input class=&quot;gNO89b&quot; value=&quot;Pesquisa Google&quot; aria-label=&quot;Pesquisa Google&quot; name=&quot;btnK&quot; role=&quot;button&quot; tabindex=&quot;0&quot; type=&quot;submit&quot; data-ved=&quot;0ahUKEwiyh8y1hq_7AhWlF7kGHfweBY4Q4dUDCA0&quot;&gt; is not clickable at point (646, 370). Other element would receive the click: &lt;span&gt;...&lt;/span&gt;<br/>
&nbsp; (Session info: chrome=107.0.5304.110)<br/>
Build info: version: &apos;4.4.0&apos;, revision: &apos;e5c75ed026a&apos;<br/>
System info: host: &apos;Williams-MacBook-Pro.local&apos;, ip: &apos;fe80:0:0:0:f6:240a:40d9:d9a6%en0&apos;, os.name: &apos;Mac OS X&apos;, os.arch: &apos;x86_64&apos;, os.version: &apos;12.3.1&apos;, java.version: &apos;17&apos;<br/>
Driver info: org.openqa.selenium.chrome.ChromeDriver<br/>
Command: [b5b48a3c47ee91cb087cebd83a91093f, clickElement {id=6796f55a-54f4-4713-bde9-81166a200986}]<br/>
Capabilities {acceptInsecureCerts: false, browserName: chrome, browserVersion: 107.0.5304.110, chrome: {chromedriverVersion: 106.0.5249.61 (511755355844..., userDataDir: /var/folders/9x/4jffv27n5l3...}, goog:chromeOptions: {debuggerAddress: localhost:59608}, networkConnectionEnabled: false, pageLoadStrategy: normal, platformName: MAC, proxy: Proxy(), se:cdp: ws://localhost:59608/devtoo..., se:cdpVersion: 107.0.5304.110, setWindowRect: true, strictFileInteractability: false, timeouts: {implicit: 0, pageLoad: 300000, script: 30000}, unhandledPromptBehavior: dismiss and notify, webauthn:extension:credBlob: true, webauthn:extension:largeBlob: true, webauthn:virtualAuthenticators: true}<br/>
Element: [[ChromeDriver: chrome on MAC (b5b48a3c47ee91cb087cebd83a91093f)] -&gt; css selector: body &gt; div.L3eUgb &gt; div.o3j99.ikrT4e.om7nvf &gt; form &gt; div:nth-child(1) &gt; div.A8SBwf &gt; div.FPdoLc.lJ9FBc &gt; center &gt; input.gNO89b]<br/>
Session ID: b5b48a3c47ee91cb087cebd83a91093f</b>
                </a>
                <br/>
                <div class="stackTrace" id="exception-2">
                        java.base/jdk.internal.reflect.NativeConstructorAccessorImpl.newInstance0(Native Method)<br/>
                        java.base/jdk.internal.reflect.NativeConstructorAccessorImpl.newInstance(NativeConstructorAccessorImpl.java:77)<br/>
                        java.base/jdk.internal.reflect.DelegatingConstructorAccessorImpl.newInstance(DelegatingConstructorAccessorImpl.java:45)<br/>
                        java.base/java.lang.reflect.Constructor.newInstanceWithCaller(Constructor.java:499)<br/>
                        java.base/java.lang.reflect.Constructor.newInstance(Constructor.java:480)<br/>
                        org.openqa.selenium.remote.codec.w3c.W3CHttpResponseCodec.createException(W3CHttpResponseCodec.java:200)<br/>
                        org.openqa.selenium.remote.codec.w3c.W3CHttpResponseCodec.decode(W3CHttpResponseCodec.java:133)<br/>
                        org.openqa.selenium.remote.codec.w3c.W3CHttpResponseCodec.decode(W3CHttpResponseCodec.java:53)<br/>
                        org.openqa.selenium.remote.HttpCommandExecutor.execute(HttpCommandExecutor.java:184)<br/>
                        org.openqa.selenium.remote.service.DriverCommandExecutor.invokeExecute(DriverCommandExecutor.java:167)<br/>
                        org.openqa.selenium.remote.service.DriverCommandExecutor.execute(DriverCommandExecutor.java:142)<br/>
                        org.openqa.selenium.remote.RemoteWebDriver.execute(RemoteWebDriver.java:547)<br/>
                        org.openqa.selenium.remote.RemoteWebElement.execute(RemoteWebElement.java:257)<br/>
                        org.openqa.selenium.remote.RemoteWebElement.click(RemoteWebElement.java:78)<br/>
                        Utils.Utils.elementClick(Utils.java:25)<br/>
                        endtoend.google.pageobjects.GooglePO.btnSearch(GooglePO.java:26)<br/>
                        endtoend.google.pageobjects.GooglePO.searchButtonSearch(GooglePO.java:44)<br/>
                        endtoend.google.tests.Runner.test_search_btn_search(Runner.java:31)<br/>
                        java.base/jdk.internal.reflect.NativeMethodAccessorImpl.invoke0(Native Method)<br/>
                        java.base/jdk.internal.reflect.NativeMethodAccessorImpl.invoke(NativeMethodAccessorImpl.java:77)<br/>
                        java.base/jdk.internal.reflect.DelegatingMethodAccessorImpl.invoke(DelegatingMethodAccessorImpl.java:43)<br/>
                        java.base/java.lang.reflect.Method.invoke(Method.java:568)<br/>
                        org.testng.internal.invokers.MethodInvocationHelper.invokeMethod(MethodInvocationHelper.java:139)<br/>
                        org.testng.internal.invokers.TestInvoker.invokeMethod(TestInvoker.java:677)<br/>
                        org.testng.internal.invokers.TestInvoker.invokeTestMethod(TestInvoker.java:221)<br/>
                        org.testng.internal.invokers.MethodRunner.runInSequence(MethodRunner.java:50)<br/>
                        org.testng.internal.invokers.TestInvoker$MethodInvocationAgent.invoke(TestInvoker.java:962)<br/>
                        org.testng.internal.invokers.TestInvoker.invokeTestMethods(TestInvoker.java:194)<br/>
                        org.testng.internal.invokers.TestMethodWorker.invokeTestMethods(TestMethodWorker.java:148)<br/>
                        org.testng.internal.invokers.TestMethodWorker.run(TestMethodWorker.java:128)<br/>
                        java.base/java.util.ArrayList.forEach(ArrayList.java:1511)<br/>
                        org.testng.TestRunner.privateRun(TestRunner.java:806)<br/>
                        org.testng.TestRunner.run(TestRunner.java:601)<br/>
                        org.testng.SuiteRunner.runTest(SuiteRunner.java:433)<br/>
                        org.testng.SuiteRunner.runSequentially(SuiteRunner.java:427)<br/>
                        org.testng.SuiteRunner.privateRun(SuiteRunner.java:387)<br/>
                        org.testng.SuiteRunner.run(SuiteRunner.java:330)<br/>
                        org.testng.SuiteRunnerWorker.runSuite(SuiteRunnerWorker.java:52)<br/>
                        org.testng.SuiteRunnerWorker.run(SuiteRunnerWorker.java:95)<br/>
                        org.testng.TestNG.runSuitesSequentially(TestNG.java:1256)<br/>
                        org.testng.TestNG.runSuitesLocally(TestNG.java:1176)<br/>
                        org.testng.TestNG.runSuites(TestNG.java:1099)<br/>
                        org.testng.TestNG.run(TestNG.java:1067)<br/>
                        com.intellij.rt.testng.IDEARemoteTestNG.run(IDEARemoteTestNG.java:66)<br/>
                        com.intellij.rt.testng.RemoteTestNGStarter.main(RemoteTestNGStarter.java:109)<br/>
                </div>
        </td>
    </tr>
    </table>


    <table class="resultsTable" width="100%">
        <tr>
            <th colspan="3" class="header passed">Passed Tests</th>
        </tr>
            <tr>
                <td class="group" colspan="3">endtoend.google.tests.Runner</td>
            </tr>
    <tr>
        <td class="method">
                search_url
        </td>
        <td class="duration">
            17.400s
        </td>
        <td class="result">
            <!-- Display the dependencies for skipped test methods -->


            <!-- Show logger output for the test -->

        </td>
    </tr>
    <tr>
        <td class="method">
                search_without_value
        </td>
        <td class="duration">
            1.992s
        </td>
        <td class="result">
            <!-- Display the dependencies for skipped test methods -->


            <!-- Show logger output for the test -->

        </td>
    </tr>
    <tr>
        <td class="method">
                test_search_enter
        </td>
        <td class="duration">
            7.266s
        </td>
        <td class="result">
            <!-- Display the dependencies for skipped test methods -->


            <!-- Show logger output for the test -->

        </td>
    </tr>
    </table>

<script type="text/javascript" src="reportng.js"></script>
</body>
